2019-08-21 08:35:36,043 INFO notifyConnectTimeout:200

2019-08-21 08:35:36,047 INFO notifySocketTimeout:8000

2019-08-21 08:35:36,048 INFO isHealthCheck:true

2019-08-21 08:35:36,048 INFO maxHealthCheckFailCount:12

2019-08-21 08:35:36,048 INFO maxContent:10485760

2019-08-21 08:35:37,053 INFO Schema 'NACOS' already exists.

2019-08-21 08:35:37,110 INFO Table/View 'CONFIG_INFO' already exists in Schema 'NACOS'.

2019-08-21 08:35:37,160 INFO Table/View 'HIS_CONFIG_INFO' already exists in Schema 'NACOS'.

2019-08-21 08:35:37,190 INFO Table/View 'CONFIG_INFO_BETA' already exists in Schema 'NACOS'.

2019-08-21 08:35:37,202 INFO Table/View 'CONFIG_INFO_TAG' already exists in Schema 'NACOS'.

2019-08-21 08:35:37,214 INFO Table/View 'CONFIG_INFO_AGGR' already exists in Schema 'NACOS'.

2019-08-21 08:35:37,228 INFO Table/View 'APP_LIST' already exists in Schema 'NACOS'.

2019-08-21 08:35:37,244 INFO Table/View 'APP_CONFIGDATA_RELATION_SUBS' already exists in Schema 'NACOS'.

2019-08-21 08:35:37,259 INFO Table/View 'APP_CONFIGDATA_RELATION_PUBS' already exists in Schema 'NACOS'.

2019-08-21 08:35:37,272 INFO Table/View 'CONFIG_TAGS_RELATION' already exists in Schema 'NACOS'.

2019-08-21 08:35:37,291 INFO Table/View 'GROUP_CAPACITY' already exists in Schema 'NACOS'.

2019-08-21 08:35:37,304 INFO Table/View 'TENANT_CAPACITY' already exists in Schema 'NACOS'.

2019-08-21 08:35:37,317 INFO Table/View 'TENANT_INFO' already exists in Schema 'NACOS'.

2019-08-21 08:35:37,329 INFO Table/View 'USERS' already exists in Schema 'NACOS'.

2019-08-21 08:35:37,350 INFO Table/View 'ROLES' already exists in Schema 'NACOS'.

2019-08-21 08:35:37,430 INFO The statement was aborted because it would have caused a duplicate key value in a unique or primary key constraint or unique index identified by 'SQL190820180848820' defined on 'USERS'.

2019-08-21 08:35:37,651 WARN DumpService start

2019-08-21 08:35:37,660 INFO start clear all config-info.

2019-08-21 08:35:37,667 WARN clear all config-info failed.

2019-08-21 08:35:37,667 WARN clear all config-info-tenant failed.

2019-08-21 08:35:37,759 INFO start clear all config-info-beta.

2019-08-21 08:35:37,759 WARN clear all config-info-beta failed.

2019-08-21 08:35:37,759 WARN clear all config-info-beta-tenant failed.

2019-08-21 08:35:37,772 INFO start clear all config-info-tag.

2019-08-21 08:35:37,772 WARN clear all config-info-tag failed.

2019-08-21 08:35:37,772 WARN clear all config-info-tag-tenant failed.

2019-08-21 08:35:38,801 INFO ServerListService address-server port:8848

2019-08-21 08:35:38,801 INFO ADDRESS_SERVER_URL:http://jmenv.tbsite.net:8080/nacos/serverlist

2019-08-21 08:35:38,802 WARN [serverlist] updated to [192.168.214.1]

